[UNHANDLED] System.ComponentModel.Win32Exception (267): An error occurred trying to start process 'docker' with working directory 'C:\Users\aaron\Desktop\deploy'. Der Verzeichnisname ist ungültig.
   at System.Diagnostics.Process.StartWithCreateProcess(ProcessStartInfo startInfo)
   at System.Diagnostics.Process.Start(ProcessStartInfo startInfo)
   at GatewayIDE.App.Services.Processes.DockerService.Run(String args) in C:\Users\aaron\Desktop\GatewayIDE\src\GatewayIDE.App\Services\Processes\DockerService.cs:line 20
   at GatewayIDE.App.Services.Processes.DockerService.FullRebuild() in C:\Users\aaron\Desktop\GatewayIDE\src\GatewayIDE.App\Services\Processes\DockerService.cs:line 39
   at GatewayIDE.App.ViewModels.MainWindowViewModel.RebuildGateway() in C:\Users\aaron\Desktop\GatewayIDE\src\GatewayIDE.App\ViewModels\MainWindowViewModel.cs:line 139
   at GatewayIDE.App.ViewModels.MainWindowViewModel.<.ctor>b__61_3(Object _) in C:\Users\aaron\Desktop\GatewayIDE\src\GatewayIDE.App\ViewModels\MainWindowViewModel.cs:line 87
   at GatewayIDE.App.ViewModels.DelegateCommand.Execute(Object parameter) in C:\Users\aaron\Desktop\GatewayIDE\src\GatewayIDE.App\ViewModels\DelegateCommand.cs:line 15
   at Avalonia.Controls.Button.OnClick()
   at Avalonia.Controls.Button.OnPointerReleased(PointerReleasedEventArgs e)
   at Avalonia.Input.InputElement.<>c.<.cctor>b__32_9(InputElement x, PointerReleasedEventArgs e)
   at Avalonia.Reactive.LightweightObservableBase`1.PublishNext(T value)
   at Avalonia.Interactivity.EventRoute.RaiseEventImpl(RoutedEventArgs e)
   at Avalonia.Interactivity.Interactive.RaiseEvent(RoutedEventArgs e)
   at Avalonia.Input.MouseDevice.MouseUp(IMouseDevice device, UInt64 timestamp, IInputRoot root, Point p, PointerPointProperties props, KeyModifiers inputModifiers, IInputElement hitTest)
   at Avalonia.Input.MouseDevice.ProcessRawEvent(RawPointerEventArgs e)
   at Avalonia.Threading.Dispatcher.Send(SendOrPostCallback action, Object arg, Nullable`1 priority)
   at Avalonia.Controls.TopLevel.HandleInput(RawInputEventArgs e)
   at Avalonia.Win32.WindowImpl.AppWndProc(IntPtr hWnd, UInt32 msg, IntPtr wParam, IntPtr lParam)
   at Avalonia.Win32.WindowImpl.WndProcMessageHandler(IntPtr hWnd, UInt32 msg, IntPtr wParam, IntPtr lParam)
   at Avalonia.Win32.Interop.UnmanagedMethods.DispatchMessage(MSG& lpmsg)
   at Avalonia.Win32.Win32DispatcherImpl.RunLoop(CancellationToken cancellationToken)
   at Avalonia.Threading.DispatcherFrame.Run(IControlledDispatcherImpl impl)
   at Avalonia.Threading.Dispatcher.PushFrame(DispatcherFrame frame)
   at Avalonia.Threading.Dispatcher.MainLoop(CancellationToken cancellationToken)
   at Avalonia.Controls.ApplicationLifetimes.ClassicDesktopStyleApplicationLifetime.Start(String[] args)
   at Avalonia.ClassicDesktopStyleApplicationLifetimeExtensions.StartWithClassicDesktopLifetime(AppBuilder builder, String[] args, Action`1 lifetimeBuilder)
   at GatewayIDE.App.Program.Main(String[] args) in C:\Users\aaron\Desktop\GatewayIDE\src\GatewayIDE.App\Program.cs:line 10
